<?xml version="1.0" encoding="UTF-8"?>
<testng-results ignored="0" total="2" passed="2" failed="0" skipped="0">
  <reporter-output>
  </reporter-output>
  <suite started-at="2024-07-18T18:49:28 GMT-04:00" name="Suite" finished-at="2024-07-18T18:50:40 GMT-04:00" duration-ms="71868">
    <groups>
    </groups>
    <test started-at="2024-07-18T18:49:28 GMT-04:00" name="edge test" finished-at="2024-07-18T18:50:11 GMT-04:00" duration-ms="43164">
      <class name="testng.ParallelTesting">
        <test-method is-config="true" signature="setup(java.lang.String,java.lang.String)[pri:0, instance:testng.ParallelTesting@74d1dc36]" started-at="2024-07-18T18:49:28 GMT-04:00" name="setup" finished-at="2024-07-18T18:50:00 GMT-04:00" duration-ms="32439" status="PASS">
          <params>
            <param index="0">
              <value>
                <![CDATA[edge]]>
              </value>
            </param>
            <param index="1">
              <value>
                <![CDATA[https://opensource-demo.orangehrmlive.com/web/index.php/auth/login]]>
              </value>
            </param>
          </params>
          <reporter-output>
          </reporter-output>
        </test-method> <!-- setup -->
        <test-method signature="login()[pri:2, instance:testng.ParallelTesting@74d1dc36]" started-at="2024-07-18T18:50:00 GMT-04:00" name="login" finished-at="2024-07-18T18:50:11 GMT-04:00" duration-ms="10685" status="PASS">
          <reporter-output>
          </reporter-output>
        </test-method> <!-- login -->
      </class> <!-- testng.ParallelTesting -->
    </test> <!-- edge test -->
    <test started-at="2024-07-18T18:50:11 GMT-04:00" name="chrome test" finished-at="2024-07-18T18:50:40 GMT-04:00" duration-ms="28608">
      <class name="testng.ParallelTesting">
        <test-method is-config="true" signature="setup(java.lang.String,java.lang.String)[pri:0, instance:testng.ParallelTesting@14028087]" started-at="2024-07-18T18:50:11 GMT-04:00" name="setup" finished-at="2024-07-18T18:50:31 GMT-04:00" duration-ms="19989" status="PASS">
          <params>
            <param index="0">
              <value>
                <![CDATA[chrome]]>
              </value>
            </param>
            <param index="1">
              <value>
                <![CDATA[https://opensource-demo.orangehrmlive.com/web/index.php/auth/login]]>
              </value>
            </param>
          </params>
          <reporter-output>
          </reporter-output>
        </test-method> <!-- setup -->
        <test-method signature="login()[pri:2, instance:testng.ParallelTesting@14028087]" started-at="2024-07-18T18:50:31 GMT-04:00" name="login" finished-at="2024-07-18T18:50:40 GMT-04:00" duration-ms="8615" status="PASS">
          <reporter-output>
          </reporter-output>
        </test-method> <!-- login -->
      </class> <!-- testng.ParallelTesting -->
    </test> <!-- chrome test -->
  </suite> <!-- Suite -->
</testng-results>
